生成启动时间为 2017/5/9 16:52:33。
     1>项目“D:\My Projects\Proj-Crack\CrackInspection\CrackInspection\CrackInspection.vcxproj”在节点 2 上(Build 个目标)。
     1>ClCompile:
         C:\Program Files (x86)\Microsoft Visual Studio 12.0\VC\bin\x86_amd64\CL.exe /c /Zi /nologo /W3 /WX- /sdl /Od /D WIN32 /D _DEBUG /D _CONSOLE /D _LIB /D _UNICODE /D UNICODE /Gm /EHsc /RTC1 /MDd /GS /fp:precise /Zc:wchar_t /Zc:forScope /Yu"stdafx.h" /Fp"x64\Debug\CrackInspection.pch" /Fo"x64\Debug\\" /Fd"x64\Debug\vc120.pdb" /Gd /TP /errorReport:prompt CrackInspection.cpp
         CrackInspection.cpp
     1>C:\OpenCV\opencv\build\include\opencv2/core/mat.hpp(1965): warning C4819: 该文件包含不能在当前代码页(936)中表示的字符。请将该文件保存为 Unicode 格式以防止数据丢失
     1>C:\OpenCV\opencv\build\include\opencv2/core/persistence.hpp : warning C4819: 该文件包含不能在当前代码页(936)中表示的字符。请将该文件保存为 Unicode 格式以防止数据丢失
     1>C:\OpenCV\opencv\build\include\opencv2/core/utility.hpp : warning C4819: 该文件包含不能在当前代码页(936)中表示的字符。请将该文件保存为 Unicode 格式以防止数据丢失
     1>d:\my projects\proj-crack\crackinspection\crackinspection\CrackDetect.h(21): warning C4305: “初始化”: 从“double”到“const float”截断
     1>d:\my projects\proj-crack\crackinspection\crackinspection\CrackDetect.h(22): warning C4305: “初始化”: 从“double”到“const float”截断
     1>CrackInspection.cpp(29): warning C4244: “初始化”: 从“double”转换到“float”，可能丢失数据
     1>CrackInspection.cpp(119): warning C4554: “&”: 检查运算符优先级可能存在的错误；使用圆括号阐明优先级
       Link:
         C:\Program Files (x86)\Microsoft Visual Studio 12.0\VC\bin\x86_amd64\link.exe /ERRORREPORT:PROMPT /OUT:"D:\My Projects\Proj-Crack\CrackInspection\x64\Debug\CrackInspection.exe" /INCREMENTAL /NOLOGO opencv_world310.lib opencv_world310d.lib kernel32.lib user32.lib gdi32.lib winspool.lib comdlg32.lib advapi32.lib shell32.lib ole32.lib oleaut32.lib uuid.lib odbc32.lib odbccp32.lib /MANIFEST /MANIFESTUAC:"level='asInvoker' uiAccess='false'" /manifest:embed /DEBUG /PDB:"D:\My Projects\Proj-Crack\CrackInspection\x64\Debug\CrackInspection.pdb" /SUBSYSTEM:CONSOLE /TLBID:1 /DYNAMICBASE /NXCOMPAT /IMPLIB:"D:\My Projects\Proj-Crack\CrackInspection\x64\Debug\CrackInspection.lib" /MACHINE:X64 x64\Debug\CrackDetect.obj
         x64\Debug\CrackInspection.obj
         x64\Debug\stdafx.obj
         CrackInspection.vcxproj -> D:\My Projects\Proj-Crack\CrackInspection\x64\Debug\CrackInspection.exe
     1>已完成生成项目“D:\My Projects\Proj-Crack\CrackInspection\CrackInspection\CrackInspection.vcxproj”(Build 个目标)的操作。

生成成功。

已用时间 00:00:01.19
